Started by user [8mha:AAAAlx+LCAAAAAAAAP9b85aBtbiIQTGjNKU4P08vOT+vOD8nVc83PyU1x6OyILUoJzMv2y+/JJUBAhiZGBgqihhk0NSjKDWzXb3RdlLBUSYGJk8GtpzUvPSSDB8G5tKinBIGIZ+sxLJE/ZzEvHT94JKizLx0a6BxUmjGOUNodHsLgAzWEgZu/dLi1CL9xJTczDwAj6GcLcAAAAA=[0madmin
[CustomTools] - ZAProxy_243: Starting installation
Skipping installation of https://github.com/zaproxy/zaproxy/releases/download/2.4.3/ZAP_2.4.3_Core.tar.gz to /var/jenkins_home/tools/com.cloudbees.jenkins.plugins.customtools.CustomTool/ZAProxy_243: java.net.UnknownHostException: github.com
[CustomTools] - ZAProxy_243: Tool is installed at /var/jenkins_home/tools/com.cloudbees.jenkins.plugins.customtools.CustomTool/ZAProxy_243/ZAP_2.4.3
[CustomTools] - ZAProxy_243: Setting ZAProxy_243_HOME=/var/jenkins_home/tools/com.cloudbees.jenkins.plugins.customtools.CustomTool/ZAProxy_243/ZAP_2.4.3
Building in workspace /var/jenkins_home/workspace/demo
------- START Replace environment variables -------
ReportName : demo
------- END Replace environment variables -------
Perform ZAProxy
ERROR: java.lang.IllegalArgumentException: zapProgram is missing
	at fr.novia.zaproxyplugin.ZAProxy.checkParams(ZAProxy.java:805)
	at fr.novia.zaproxyplugin.ZAProxy.startZAP(ZAProxy.java:861)
	at fr.novia.zaproxyplugin.ZAProxyBuilder.perform(ZAProxyBuilder.java:189)
	at hudson.tasks.BuildStepMonitor$1.perform(BuildStepMonitor.java:20)
	at hudson.model.AbstractBuild$AbstractBuildExecution.perform(AbstractBuild.java:782)
	at hudson.model.Build$BuildExecution.build(Build.java:205)
	at hudson.model.Build$BuildExecution.doRun(Build.java:162)
	at hudson.model.AbstractBuild$AbstractBuildExecution.run(AbstractBuild.java:534)
	at hudson.model.Run.execute(Run.java:1738)
	at hudson.model.FreeStyleBuild.run(FreeStyleBuild.java:43)
	at hudson.model.ResourceController.execute(ResourceController.java:98)
	at hudson.model.Executor.run(Executor.java:410)

[8mha:AAAAWB+LCAAAAAAAAP9b85aBtbiIQSmjNKU4P08vOT+vOD8nVc8DzHWtSE4tKMnMz/PLL0ldFVf2c+b/lb5MDAwVRQxSaBqcITRIIQMEMIIUFgAAckCEiWAAAAA=[0mBuild step 'Execute ZAProxy' marked build as failure
Finished: FAILURE
